

30 Total Database Search Results

Pvalue	SeqName	Pseudosig	Index0	MatchingSubSeq0	Index1	MatchingSubSeq1	Index2	MatchingSubSeq2	Index3	MatchingSubSeq3	Index4	MatchingSubSeq4	
2.1356595438544906E-16	gi|18655515|pdb|1H8F|A	NGSFGtvyCHRDIKPQNLLlklcdfgsaICS	143	CHRDIKPQNLL	161	LKLCDFGSA	29	NGSFG	182	ICS	103	TVY	
2.2677504429651743E-16	gi|168177058|pdb|2OW3|A	NGSFGtvyCHRDIKPQNLLlklcdfgsaXIC	143	CHRDIKPQNLL	161	LKLCDFGSA	29	NGSFG	181	XIC	103	TVY	
2.3482514156321244E-16	gi|224983567|pdb|3F88|A	NGSFGtvyCHRDIKPQNLLlklcdfgsaXIC	143	CHRDIKPQNLL	161	LKLCDFGSA	29	NGSFG	181	XIC	103	TVY	
2.3864671485214586E-16	gi|42543881|pdb|1UV5|A	NGSFGtvyCHRDIKPQNLLlklcdfgsaICS	143	CHRDIKPQNLL	161	LKLCDFGSA	29	NGSFG	182	ICS	103	TVY	
2.399924376648004E-16	gi|34810589|pdb|1O9U|A	NGSFGtvyCHRDIKPQNLLlklcdfgsaXIC	143	CHRDIKPQNLL	161	LKLCDFGSA	29	NGSFG	181	XIC	103	TVY	
2.41722218656668E-16	gi|224983565|pdb|3F7Z|A	NGSFGtvyCHRDIKPQNLLlklcdfgsaXIC	144	CHRDIKPQNLL	162	LKLCDFGSA	30	NGSFG	182	XIC	104	TVY	
2.8038044943936193E-16	gi|56553624|pdb|1R0E|A	NGSFGtvyCHRDIKPQNLLlklcdfgsaICS	148	CHRDIKPQNLL	166	LKLCDFGSA	34	NGSFG	187	ICS	108	TVY	
3.180544426182927E-16	gi|159794965|pdb|2O5K|A	NGSFGtvyCHRDIKPQNLLlklcdfgsaICS	156	CHRDIKPQNLL	174	LKLCDFGSA	42	NGSFG	195	ICS	116	TVY	
3.225500230074904E-16	gi|24987247|pdb|1GNG|A	NGSFGtvyCHRDIKPQNLLlklcdfgsaXIC	162	CHRDIKPQNLL	180	LKLCDFGSA	48	NGSFG	200	XIC	122	TVY	
3.380436472035512E-16	gi|18158777|pdb|1I09|A	NGSFGtvyCHRDIKPQNLLlklcdfgsaICS	177	CHRDIKPQNLL	195	LKLCDFGSA	63	NGSFG	216	ICS	137	TVY	
3.4420648639880127E-16	gi|52695345|pdb|1Q5K|A	NGSFGtvyCHRDIKPQNLLlklcdfgsaICS	171	CHRDIKPQNLL	189	LKLCDFGSA	57	NGSFG	210	ICS	131	TVY	
3.500269090403522E-16	gi|38492874|pdb|1PYX|A	NGSFGtvyCHRDIKPQNLLlklcdfgsaICS	179	CHRDIKPQNLL	197	LKLCDFGSA	65	NGSFG	218	ICS	139	TVY	
4.292116068320077E-16	gi|38492892|pdb|1Q3D|A	NGSFGtvyCHRDIKPQNLLlklcdfgsaICS	181	CHRDIKPQNLL	199	LKLCDFGSA	67	NGSFG	220	ICS	141	TVY	
4.006486863450878E-15	gi|203282536|pdb|3EB0|A	SLGtgsfgCHRDIKPQNLLlklcdfgsaXIC	162	CHRDIKPQNLL	180	LKLCDFGSA	16	TGSFG	200	XIC	9	SLG	
2.0395077752228224E-14	gi|1311054|pdb|1CKJ|A	SGSFGtvlIHRDVKPDNFLvyiidfglaLTG	124	IHRDVKPDNFL	144	VYIIDFGLA	16	SGSFG	172	LTG	103	TVL	
3.4901826931873263E-12	gi|99032119|pdb|2EVA|A	RGAFGiesSLYihrdlkppnllLKICDFGTA	126	IHRDLKPPNLL	144	LKICDFGTA	17	RGAFG	38	IES	84	SLY	
4.590969138192247E-12	gi|48425852|pdb|1V0O|A	AKSFLlhrdlkpqnllLKIADFGLAilgTVY	121	LHRDLKPQNLL	138	LKIADFGLA	101	AKSFL	215	ILG	238	TVY	
4.701180393790641E-12	gi|47169418|pdb|1V0B|A	AKSFLlhrdlkpqnllLKIADFGLAilgTVY	121	LHRDLKPQNLL	138	LKIADFGLA	101	AKSFL	215	ILG	238	TVY	
4.818469437242681E-12	gi|42543186|pdb|1OB3|A	AKSFLlhrdlkpqnllLKIADFGLAilgTVY	121	LHRDLKPQNLL	138	LKIADFGLA	101	AKSFL	215	ILG	238	TVY	
5.1805714882324E-12	gi|162329961|pdb|2PK9|A	SSSSQtvyLHRDLKPQNLLlklgdfglaITG	129	LHRDLKPQNLL	146	LKLGDFGLA	1	SSSSQ	202	ITG	19	TVY	
5.505147346644373E-12	gi|218766887|pdb|3F3Z|A	TLErgswgAHRDLKPENFLlklidfglaLCG	127	AHRDLKPENFL	147	LKLIDFGLA	18	RGSWG	200	LCG	11	TLE	
7.0646255210169305E-12	gi|158430190|pdb|2QG5|A	NLYrgswgAHRDLKPENFLlklidfglaLCG	144	AHRDLKPENFL	164	LKLIDFGLA	35	RGSWG	217	LCG	12	NLY	
1.055576131859679E-11	gi|158430247|pdb|2QKR|A	KDSQGsllLHRDLKPQNLLlkladfglaITG	140	LHRDLKPQNLL	157	LKLADFGLA	40	KDSQG	213	ITG	70	SLL	
1.2809659072017007E-11	gi|225734222|pdb|3GBZ|A	SLLiksflLHRDLKPQNLLlkigdfglaITL	153	LHRDLKPQNLL	175	LKIGDFGLA	133	IKSFL	198	ITL	84	SLL	
1.9279238028559425E-11	gi|85544238|pdb|2B9F|A	SLLihrdlkpsnllLKVCDFGLAltsLLIFG	133	IHRDLKPSNLL	150	LKVCDFGLA	232	LLIFG	194	LTS	16	SLL	
2.0123083935562237E-11	gi|119389443|pdb|2F9G|A	SLLihrdlkpsnllLKVCDFGLAmltLLLIF	133	IHRDLKPSNLL	150	LKVCDFGLA	231	LLLIF	193	MLT	16	SLL	
2.035358892333742E-11	gi|85544239|pdb|2B9H|A	SLLihrdlkpsnllLKVCDFGLAltsLLIFG	133	IHRDLKPSNLL	150	LKVCDFGLA	232	LLIFG	194	LTS	16	SLL	
4.203160042308757E-11	gi|197107524|pdb|3E3P|A	SLNqgtfgCHRDIKPHNVLlklcdfgsaICS	152	CHRDIKPHNVL	170	LKLCDFGSA	32	QGTFG	191	ICS	6	SLN	
5.6953232575703146E-11	gi|23200128|pdb|1H4L|A	TVFiclVKSFLlhrdlkpqnllLKLADFGLA	122	LHRDLKPQNLL	139	LKLADFGLA	102	VKSFL	51	ICL	16	TVF	
8.127167306194533E-11	gi|78100780|pdb|1TVO|A	SAYlhrdlkpsnllLKICDFGLAilgSGDLG	145	LHRDLKPSNLL	162	LKICDFGLA	359	SGDLG	239	ILG	40	SAY	
ProfileFragment 0:
1r0eA: chrdikpqnll
1ckjA: IHRDVKPDNFL


ProfileFragment 1:
1r0eA: LKLCDFGSA
1ckjA: --iidfgla


ProfileFragment 2:
1r0eA: --SFG
1ckjA: SGSFG


ProfileFragment 3:
1r0eA: ics
1ckjA: LTG


ProfileFragment 4:
1r0eA: tvy
1ckjA: sl-

