Active Site Signature for: 1ckj#A: D131,N136,D154 is SGSFGkEiyPsleIHRDVKPDNFLiidfglaLTGTAyaDs
Active Site Signature for: 1r0e#A: D181,N186,D200 is SFGkEmVtvyLchrdikpqnllLKLCDFGSAicsYRidS
ActiveSiteProfile: 
1r0eA: --SFGkEmVtvyLchrdikpqnllLKLCDFGSAicsYRidS-
1ckjA: SGSFGkEiyPsleIHRDVKPDNFLi--idfglaLTGTAyaDs

Seq gi|18655515|pdb|1H8F|A PASSED
Seq gi|1311054|pdb|1CKJ|A PASSED
Seq gi|48425852|pdb|1V0O|A PASSED
Seq gi|18158777|pdb|1I09|A PASSED
Seq gi|85544238|pdb|2B9F|A PASSED
Seq gi|23200128|pdb|1H4L|A PASSED
Seq gi|24987247|pdb|1GNG|A PASSED
Seq gi|34810589|pdb|1O9U|A PASSED
Seq gi|38492874|pdb|1PYX|A PASSED
Seq gi|38492892|pdb|1Q3D|A PASSED
Seq gi|42543881|pdb|1UV5|A PASSED
Seq gi|42543186|pdb|1OB3|A PASSED
Seq gi|47169418|pdb|1V0B|A PASSED
Seq gi|52695345|pdb|1Q5K|A PASSED
Seq gi|56553624|pdb|1R0E|A PASSED
Seq gi|78100780|pdb|1TVO|A PASSED
Seq gi|85544239|pdb|2B9H|A PASSED
Seq gi|99032119|pdb|2EVA|A PASSED
Seq gi|119389443|pdb|2F9G|A PASSED
Seq gi|158430190|pdb|2QG5|A PASSED
Seq gi|158430247|pdb|2QKR|A PASSED
Seq gi|159794965|pdb|2O5K|A PASSED
Seq gi|162329961|pdb|2PK9|A PASSED
Seq gi|168177058|pdb|2OW3|A PASSED
Seq gi|197107524|pdb|3E3P|A PASSED
Seq gi|203282536|pdb|3EB0|A PASSED
Seq gi|218766887|pdb|3F3Z|A PASSED
Seq gi|224983565|pdb|3F7Z|A PASSED
Seq gi|224983567|pdb|3F88|A PASSED
Seq gi|225734222|pdb|3GBZ|A PASSED
