

22 Total Database Search Results

Pvalue	SeqName	Pseudosig	Index0	MatchingSubSeq0	Index1	MatchingSubSeq1	Index2	MatchingSubSeq2	Index3	MatchingSubSeq3	
2.2549071112290224E-18	gi|55669753|pdb|1SP8|A	FDHIVGgvqhmalLLQIFTKtlfleii	365	TLFLEII	352	LLQIFTK	280	GVQHMAL	199	FDHIVG	
2.2549071112290224E-18	gi|55669754|pdb|1SP8|B	FDHIVGgvqhmalLLQIFTKtlfleii	365	TLFLEII	352	LLQIFTK	280	GVQHMAL	199	FDHIVG	
2.2549071112290224E-18	gi|55669755|pdb|1SP8|C	FDHIVGgvqhmalLLQIFTKtlfleii	365	TLFLEII	352	LLQIFTK	280	GVQHMAL	199	FDHIVG	
2.2549071112290224E-18	gi|55669756|pdb|1SP8|D	FDHIVGgvqhmalLLQIFTKtlfleii	365	TLFLEII	352	LLQIFTK	280	GVQHMAL	199	FDHIVG	
8.332602196827682E-18	gi|52695553|pdb|1SQI|A	IDHIVGgvqhialLLQIFTKtlflevi	344	TLFLEVI	331	LLQIFTK	262	GVQHIAL	180	IDHIVG	
8.332602196827682E-18	gi|52695554|pdb|1SQI|B	IDHIVGgvqhialLLQIFTKtlflevi	344	TLFLEVI	331	LLQIFTK	262	GVQHIAL	180	IDHIVG	
8.993323373476658E-18	gi|258588704|pdb|3ISQ|A	IDHIVGgvqhialLLQIFTKtlflevi	337	TLFLEVI	324	LLQIFTK	255	GVQHIAL	173	IDHIVG	
1.1067022181717793E-17	gi|50513702|pdb|1T47|A	IDHCVGgvqhialLLQIFTKtvffeii	344	TVFFEII	331	LLQIFTK	266	GVQHIAL	184	IDHCVG	
1.1067022181717793E-17	gi|50513703|pdb|1T47|B	IDHCVGgvqhialLLQIFTKtvffeii	344	TVFFEII	331	LLQIFTK	266	GVQHIAL	184	IDHCVG	
4.516109551293541E-16	gi|52695552|pdb|1SQD|A	LDHAVGglqhlalLLQIFTKtifieii	368	TIFIEII	355	LLQIFTK	283	GLQHLAL	202	LDHAVG	
4.516109551293541E-16	gi|52695750|pdb|1TFZ|A	LDHAVGglqhlalLLQIFTKtifieii	368	TIFIEII	355	LLQIFTK	283	GLQHLAL	202	LDHAVG	
4.516109551293541E-16	gi|52695751|pdb|1TG5|A	LDHAVGglqhlalLLQIFTKtifieii	368	TIFIEII	355	LLQIFTK	283	GLQHLAL	202	LDHAVG	
4.903738494227945E-16	gi|55669757|pdb|1SP9|A	LDHAVGglqhlalLLQIFTKtifieii	389	TIFIEII	376	LLQIFTK	304	GLQHLAL	223	LDHAVG	
4.903738494227945E-16	gi|55669758|pdb|1SP9|B	LDHAVGglqhlalLLQIFTKtifieii	389	TIFIEII	376	LLQIFTK	304	GLQHLAL	223	LDHAVG	
8.383927044047605E-14	gi|170292354|pdb|2R5V|A	IDHFAIgvqhiafLFQIFTAtiffevi	315	TIFFEVI	302	LFQIFTA	237	GVQHIAF	158	IDHFAI	
8.383927044047605E-14	gi|170292355|pdb|2R5V|B	IDHFAIgvqhiafLFQIFTAtiffevi	315	TIFFEVI	302	LFQIFTA	237	GVQHIAF	158	IDHFAI	
3.3683912215458705E-13	gi|7766898|pdb|1CJX|A	IDHLTHgiqhvafLLQIFSEpvffefi	317	PVFFEFI	306	LLQIFSE	236	GIQHVAF	158	IDHLTH	
3.3683912215458705E-13	gi|7766899|pdb|1CJX|B	IDHLTHgiqhvafLLQIFSEpvffefi	317	PVFFEFI	306	LLQIFSE	236	GIQHVAF	158	IDHLTH	
3.3683912215458705E-13	gi|7766900|pdb|1CJX|C	IDHLTHgiqhvafLLQIFSEpvffefi	317	PVFFEFI	306	LLQIFSE	236	GIQHVAF	158	IDHLTH	
3.3683912215458705E-13	gi|7766901|pdb|1CJX|D	IDHLTHgiqhvafLLQIFSEpvffefi	317	PVFFEFI	306	LLQIFSE	236	GIQHVAF	158	IDHLTH	
1.885254191259873E-9	gi|71042475|pdb|1ZSW|A	HHHISMsihhlaiFKSLYFRgilfeia	289	GILFEIA	279	FKSLYFR	242	SIHHLAI	30	HHHISM	
4.408757508010894E-6	gi|259090219|pdb|3GM5|A	HHHHSMslqnyaePLQLELIgihhiaf	78	PLQLELI	32	SLQNYAE	103	GIHHIAF	4	HHHHSM	
ProfileFragment 0:
1SQDA: TIFIEII
3ISQA: TLFLEVI
1ZSWA: GILFEIA
2R5VB: TIFFEVI
1SP8A: TLFLEII
1CJXD: PVFFEFI
1SQIB: TLFLEVI
1T47A: TVFFEII

ProfileFragment 1:
1SQDA: llqiftk
3ISQA: llqiftk
1ZSWA: fkslyfr
2R5VB: lfqifta
1SP8A: llqiftk
1CJXD: llqifse
1SQIB: llqiftk
1T47A: llqiftk

ProfileFragment 2:
1SQDA: GLQHLAL
3ISQA: GVQHIAL
1ZSWA: SIHHLAI
2R5VB: GVQHIAF
1SP8A: GVQHMAL
1CJXD: GIQHVAF
1SQIB: GVQHIAL
1T47A: GVQHIAL

ProfileFragment 3:
1SQDA: ldhavg
3ISQA: idhivg
1ZSWA: hhhism
2R5VB: idhfai
1SP8A: fdhivg
1CJXD: idhlth
1SQIB: idhivg
1T47A: idhcvg
