

5 Total Database Search Results

Pvalue	SeqName	Pseudosig	Index0	MatchingSubSeq0	Index1	MatchingSubSeq1	Index2	MatchingSubSeq2	Index3	MatchingSubSeq3	Index4	MatchingSubSeq4	Index5	MatchingSubSeq5	
2.6606393783190215E-17	gi|259090219|pdb|3GM5|A	TVQIGIVstwGIHHIAFVVviqkYAYIDvmiell	103	GIHHIAFVV	19	TVQIGIV	150	VMIELL	139	YAYID	128	VIQK	91	STW	
1.1224150561171294E-12	gi|238538012|pdb|3HDP|A	VHHIGYAspiTPYHICYEVtlfkVAFLFgliell	76	TPYHICYEV	7	VHHIGYA	125	GLIELL	116	VAFLF	100	TLFK	65	SPI	
3.2506112194788626E-12	gi|152149518|pdb|2QH0|A	VHHIGYAspiTPYHICYEVtlfkVAFLFgliell	73	TPYHICYEV	4	VHHIGYA	122	GLIELL	113	VAFLF	97	TLFK	62	SPI	
2.2559937334248538E-11	gi|15826388|pdb|1JC5|A	FICIDHVskyTVAKglhhmawrvINFMHvlielt	87	GLHHMAWRV	6	FICIDHV	137	VLIELT	126	INFMH	74	TVAK	23	SKY	
6.364793770693432E-7	gi|303325191|pdb|3OA4|A	LDHIGIAskiellSPIfiqkGIHHIAIGVvaflh	78	GIHHIAIGV	8	LDHIGIA	54	SKIELL	117	VAFLH	71	FIQK	66	SPI	
ProfileFragment 0:
3GM5A: GIHHIAFVV
2QH0A: ---HICYE-
3HDPA: ---HICYEV
1JC4A: GLHHMAWRV


ProfileFragment 1:
3GM5A: -VQIGIV
2QH0A: -HHIGYA
3HDPA: VHHIGYA
1JC4A: ---IDHV


ProfileFragment 2:
3GM5A: vmiell
2QH0A: GLIELL
3HDPA: gliell
1JC4A: VLIELT


ProfileFragment 3:
3GM5A: YAYID
2QH0A: vaflf
3HDPA: VAFLF
1JC4A: infmh


ProfileFragment 4:
3GM5A: viqk
2QH0A: tlfk
3HDPA: TLFK


ProfileFragment 5:
3GM5A: STW
2QH0A: TPY
3HDPA: TPY

