

10 Total Database Search Results

Pvalue	SeqName	Pseudosig	Index0	MatchingSubSeq0	Index1	MatchingSubSeq1	Index2	MatchingSubSeq2	Index3	MatchingSubSeq3	Index4	MatchingSubSeq4	Index5	MatchingSubSeq5	Index6	MatchingSubSeq6	
3.624230082819221E-12	gi|259090219|pdb|3GM5|A	VQIGIVslqnyaGVEKPihhiafvvVIQKggryayidVMIELL	136	GGRYAYID	104	IHHIAFVV	150	VMIELL	32	SLQNYA	20	VQIGIV	41	GVEKP	128	VIQK	
3.2012505977140727E-10	gi|238538012|pdb|3HDP|A	HHIGYAevvrdIQFVINpyhicyevTLFKnrkvaflfGLIELL	113	NRKVAFLF	77	PYHICYEV	125	GLIELL	8	HHIGYA	45	IQFVIN	34	EVVRD	100	TLFK	
4.601638173580042E-10	gi|15826388|pdb|1JC5|A	DHVAYAgvveiTVAKlhhmawrvIDAVSAgnrinfmhVLIELT	123	GNRINFMH	88	LHHMAWRV	137	VLIELT	10	DHVAYA	98	IDAVSA	44	GVVEI	74	TVAK	
9.632862091024778E-10	gi|152149518|pdb|2QH0|A	HHIGYAevvrdIQFVINpyhicyevTLFKnrkvaflfGLIELL	110	NRKVAFLF	74	PYHICYEV	122	GLIELL	5	HHIGYA	42	IQFVIN	31	EVVRD	97	TLFK	
2.4802976084882856E-7	gi|27065193|pdb|1KEI|A	VLGDgvtydHYSQGYNNgdgqtfipVAHELTqdnggvTHYGVS	124	GDGQTFIP	104	HYSQGYNN	139	VAHELT	248	THYGVS	224	QDNGGV	77	GVTYD	12	VLGD	
2.492068077957347E-7	gi|1065370|pdb|1LNA|E	GVLGagvtyVHYSQGYNdgdgqtfiVVAHELtqdnggGTHYGV	123	DGDGQTFI	103	VHYSQGYN	138	VVAHEL	247	GTHYGV	223	TQDNGG	76	AGVTY	11	GVLG	
2.7062837263308815E-7	gi|230362|pdb|1TLP|E	VLGDgvtydHYSQGYNNgdgqtfipVAHELTqdnggvTHYGVS	124	GDGQTFIP	104	HYSQGYNN	139	VAHELT	248	THYGVS	224	QDNGGV	77	GVTYD	12	VLGD	
2.8629170995541606E-7	gi|66361395|pdb|1Z9G|E	VLGDgvtydHYSQGYNNgdgqtfipVAHELTqdnggvTHYGVS	124	GDGQTFIP	104	HYSQGYNN	139	VAHELT	248	THYGVS	224	QDNGGV	77	GVTYD	12	VLGD	
4.5687050382743115E-6	gi|15826384|pdb|1JC4|A	IDHVAYvveixxLNDEhngraglhATLREpklgtggnHPKSGK	117	PKLGTGGN	82	HNGRAGLH	130	HPKSGK	9	IDHVAY	45	VVEIXX	103	ATLRE	69	LNDE	
8.853107264528617E-6	gi|303325191|pdb|3OA4|A	DHIGIAskiellFIQKihhiaigvIQEVKEgaqvaflhGVLYE	114	GAQVAFLH	79	IHHIAIGV	54	SKIELL	9	DHIGIA	93	IQEVKE	127	GVLYE	71	FIQK	
ProfileFragment 0:
3GM5A: ---YAYID
1QF0A: GDGQTFIP
3HDPA: ---VAFLF
1JC4A: ---infmh


ProfileFragment 1:
3GM5A: IHHIAFVV
1QF0A: ---QGYN-
3HDPA: PYHICYEV
1JC4A: LHHMAWRV


ProfileFragment 2:
3GM5A: vmiell
3HDPA: gliell
1JC4A: VLIELT


ProfileFragment 3:
3GM5A: -----S
1QF0A: ahy-ya
3HDPA: -HIGYA
1JC4A: -HVAYA


ProfileFragment 4:
3GM5A: VQIGIV
1QF0A: -d----
3HDPA: VH----
1JC4A: ID----


ProfileFragment 5:
3GM5A: G----
1QF0A: gvtyd
3HDPA: T----
1JC4A: G----


ProfileFragment 6:
3GM5A: viqk
1QF0A: --GD
3HDPA: TLFK

