Mar 5, 2013 12:33:03 PM org.biojava.bio.structure.StructureTools get1LetterCode
WARNING: unknown group name MSE
Mar 5, 2013 12:33:03 PM org.biojava.bio.structure.StructureTools get1LetterCode
WARNING: unknown group name MSE
Mar 5, 2013 12:33:03 PM org.biojava.bio.structure.StructureTools get1LetterCode
WARNING: unknown group name MSE
Mar 5, 2013 12:33:03 PM org.biojava.bio.structure.StructureTools get1LetterCode
WARNING: unknown group name MSE
Mar 5, 2013 12:33:03 PM org.biojava.bio.structure.StructureTools get1LetterCode
WARNING: unknown group name MSE
Mar 5, 2013 12:33:03 PM org.biojava.bio.structure.StructureTools get1LetterCode
WARNING: unknown group name MSE
Mar 5, 2013 12:33:03 PM org.biojava.bio.structure.StructureTools get1LetterCode
WARNING: unknown group name MSE
Mar 5, 2013 12:33:03 PM org.biojava.bio.structure.StructureTools get1LetterCode
WARNING: unknown group name MSE
Mar 5, 2013 12:33:03 PM org.biojava.bio.structure.StructureTools get1LetterCode
WARNING: unknown group name MSE
Mar 5, 2013 12:33:03 PM org.biojava.bio.structure.StructureTools get1LetterCode
WARNING: unknown group name MSE
Mar 5, 2013 12:33:03 PM org.biojava.bio.structure.StructureTools get1LetterCode
WARNING: unknown group name MSE
Mar 5, 2013 12:33:03 PM org.biojava.bio.structure.StructureTools get1LetterCode
WARNING: unknown group name MSE
Mar 5, 2013 12:33:03 PM org.biojava.bio.structure.StructureTools get1LetterCode
WARNING: unknown group name MSE
Mar 5, 2013 12:33:03 PM org.biojava.bio.structure.StructureTools get1LetterCode
WARNING: unknown group name MSE
Mar 5, 2013 12:33:03 PM org.biojava.bio.structure.StructureTools get1LetterCode
WARNING: unknown group name MSE
Mar 5, 2013 12:33:03 PM org.biojava.bio.structure.StructureTools get1LetterCode
WARNING: unknown group name MSE
Mar 5, 2013 12:33:03 PM org.biojava.bio.structure.StructureTools get1LetterCode
WARNING: unknown group name MSE
Mar 5, 2013 12:33:03 PM org.biojava.bio.structure.StructureTools get1LetterCode
WARNING: unknown group name MSE
Mar 5, 2013 12:33:03 PM org.biojava.bio.structure.StructureTools get1LetterCode
WARNING: unknown group name MSE
Mar 5, 2013 12:33:03 PM org.biojava.bio.structure.StructureTools get1LetterCode
WARNING: unknown group name MSE
Mar 5, 2013 12:33:03 PM org.biojava.bio.structure.StructureTools get1LetterCode
WARNING: unknown group name MSE
Mar 5, 2013 12:33:03 PM org.biojava.bio.structure.StructureTools get1LetterCode
WARNING: unknown group name MSE
Mar 5, 2013 12:33:03 PM org.biojava.bio.structure.StructureTools get1LetterCode
WARNING: unknown group name MSE
Mar 5, 2013 12:33:03 PM org.biojava.bio.structure.StructureTools get1LetterCode
WARNING: unknown group name MSE
Mar 5, 2013 12:33:03 PM org.biojava.bio.structure.StructureTools get1LetterCode
WARNING: unknown group name MSE
Mar 5, 2013 12:33:03 PM org.biojava.bio.structure.StructureTools get1LetterCode
WARNING: unknown group name MSE
Mar 5, 2013 12:33:03 PM org.biojava.bio.structure.StructureTools get1LetterCode
WARNING: unknown group name MSE
Mar 5, 2013 12:33:03 PM org.biojava.bio.structure.StructureTools get1LetterCode
WARNING: unknown group name MSE
Active Site Signature for: 1JC4#A: : IDHVAYAqMwGLHHMAWRVllyPKgNinfmhpVLIELT is  IDHVAYAqMwGLHHMAWRVllyPKgNinfmhpVLIELT
Active Site Signature for: 2QH0#A: : HHIGYArVEvTPYHICYEtlfkAvaflfGLIELL is  HHIGYArVEvTPYHICYEtlfkAvaflfGLIELL
Active Site Signature for: 3GM5#A: : VQIGIVfLEiSTWfGIHHIAFVVviqkgYAYIDTvmiell is  VQIGIVfLEiSTWfGIHHIAFVVviqkgYAYIDTvmiell
Active Site Signature for: 3HDP#A: : VHHIGYArVEvTPYHICYEViTLFKaVAFLFgliell is  VHHIGYArVEvTPYHICYEViTLFKaVAFLFgliell
ActiveSiteProfile (Score = 0.03720930232558141):
3GM5A: - VQIGIVfLEiSTWfGIHHIAF-VVviqk-gYAYIDTvmiel
2QH0A: - HHIGYArVEvTP----YHICY--Etlfk-Avaflf-GLIEL
3HDPA:  VHHIGYArVEvTP----YHICYEViTLFK-aVAFLF-gliel
1JC4A: --- IDHVAY-AqM-wGLHHMAWRVllyPKgNinfmhpVLIEL

Aligning profile fragments
Fragment alignment: 
3GM5A: -VQIGIV
2QH0A: -HHIGYA
3HDPA: VHHIGYA
1JC4A: ---IDHV

Fragment alignment: 
3GM5A: STW
2QH0A: TP-
3HDPA: TP-

Fragment alignment: 
3GM5A: GIHHIAFVV
2QH0A: --YHICYE-
3HDPA: --YHICYEV
1JC4A: GLHHMAWRV

Fragment alignment: 
3GM5A: viqk
2QH0A: tlfk
3HDPA: TLFK

Fragment alignment: 
3GM5A: YAYID
2QH0A: vaflf
3HDPA: VAFLF
1JC4A: infmh

Fragment alignment: 
3GM5A: vmiel
2QH0A: GLIEL
3HDPA: gliel
1JC4A: VLIEL

Creating PSSM
Searching database
