

0 Total Database Search Results

Pvalue	SeqName	Pseudosig	Index0	MatchingSubSeq0	Index1	MatchingSubSeq1	Index2	MatchingSubSeq2	Index3	MatchingSubSeq3	Index4	MatchingSubSeq4	Index5	MatchingSubSeq5	
ProfileFragment 0:
3GM5A: GIHHIAFVV
2QH0A: --YHICYE-
3HDPA: --YHICYEV
1JC4A: GLHHMAWRV


ProfileFragment 1:
3GM5A: -VQIGIV
2QH0A: -HHIGYA
3HDPA: VHHIGYA
1JC4A: ---IDHV


ProfileFragment 2:
3GM5A: vmiel
2QH0A: GLIEL
3HDPA: gliel
1JC4A: VLIEL


ProfileFragment 3:
3GM5A: YAYID
2QH0A: vaflf
3HDPA: VAFLF
1JC4A: infmh


ProfileFragment 4:
3GM5A: viqk
2QH0A: tlfk
3HDPA: TLFK


ProfileFragment 5:
3GM5A: STW
2QH0A: TP-
3HDPA: TP-

